<?xml version="1.0" encoding="UTF-8"?>
<testsuite xmlns:xsi="http://www.w3.org/2001/XMLSchema-instance" xsi:noNamespaceSchemaLocation="https://maven.apache.org/surefire/maven-surefire-plugin/xsd/surefire-test-report-3.0.xsd" version="3.0" name="CalcTest" time="24.61" tests="12" errors="0" skipped="0" failures="0">
  <properties>
[...]
</properties>
  <testcase name="backTest" classname="CalcTest" time="1.99">
    <system-err><![CDATA[SLF4J(W): No SLF4J providers were found.
SLF4J(W): Defaulting to no-operation (NOP) logger implementation
SLF4J(W): See https://www.slf4j.org/codes.html#noProviders for further details.
нояб. 16, 2024 5:00:41 PM org.openqa.selenium.devtools.CdpVersionFinder findNearestMatch
WARNING: Unable to find an exact match for CDP version 130, returning the closest version; found: 128; Please update to a Selenium version that supports CDP version 130
]]></system-err>
  </testcase>
  <testcase name="clearTest" classname="CalcTest" time="0.87"/>
  <testcase name="floatTest" classname="CalcTest" time="1.159"/>
  <testcase name="negativeNumTest" classname="CalcTest" time="0.851"/>
  <testcase name="numButtonTest" classname="CalcTest" time="1.364"/>
  <testcase name="operationTest[1, +, 4, 5](1)" classname="CalcTest" time="0.664"/>
  <testcase name="operationTest[9, -, 4, 5](2)" classname="CalcTest" time="1.027"/>
  <testcase name="operationTest[9, *, 4, 36](3)" classname="CalcTest" time="0.7"/>
  <testcase name="operationTest[9, /, 3, 3](4)" classname="CalcTest" time="0.719"/>
  <testcase name="operationTest[9, /, 0, Infinity](5)" classname="CalcTest" time="0.715"/>
  <testcase name="powTest" classname="CalcTest" time="0.52"/>
  <testcase name="streamTest" classname="CalcTest" time="1.242"/>
</testsuite>