<?xml version="1.0" encoding="UTF-8"?>
<!-- Generated by org.testng.reporters.JUnitXMLReporter -->
<testsuite ignored="0" hostname="Rewok" failures="0" tests="12" name="Surefire test" time="23.968" errors="0" timestamp="2024-11-16T17:01:02 MSK">
  <testcase classname="CalcTest" name="backTest" time="1.989"/>
  <testcase classname="CalcTest" name="clearTest" time="0.87"/>
  <testcase classname="CalcTest" name="floatTest" time="1.159"/>
  <testcase classname="CalcTest" name="negativeNumTest" time="0.86"/>
  <testcase classname="CalcTest" name="numButtonTest" time="1.364"/>
  <testcase classname="CalcTest" name="operationTest" time="0.664"/>
  <testcase classname="CalcTest" name="operationTest" time="1.027"/>
  <testcase classname="CalcTest" name="operationTest" time="0.7"/>
  <testcase classname="CalcTest" name="operationTest" time="0.719"/>
  <testcase classname="CalcTest" name="operationTest" time="0.715"/>
  <testcase classname="CalcTest" name="powTest" time="0.528"/>
  <testcase classname="CalcTest" name="streamTest" time="1.242"/>
</testsuite> <!-- Surefire test -->
